

Microchip Technology PIC18 LITE Macro Assembler V1.33 build 59893 
                                                                                               Sat May 02 20:33:41 2015

Microchip Technology Omniscient Code Generator (Lite mode) build 59893
     1                           	processor	18F45K22
     2                           	fnconf	rparam,??,?,0
     3                           	opt	pw 120
     4                           	opt	lm
     5                           	psect	text0,global,reloc=2,class=CODE,delta=1
     6                           	psect	cinit,global,reloc=2,class=CODE,delta=1
     7                           	psect	bssCOMRAM,global,class=COMRAM,space=1,delta=1
     8                           	psect	cstackCOMRAM,global,class=COMRAM,space=1,delta=1
     9                           	psect	text1,global,reloc=2,class=CODE,delta=1
    10                           	psect	text2,global,reloc=2,class=CODE,delta=1
    11                           	psect	text3,global,reloc=2,class=CODE,delta=1
    12                           	psect	text4,global,reloc=2,class=CODE,delta=1
    13                           	psect	intsave_regs,global,class=BIGRAM,space=1,delta=1
    14                           	psect	rparam,global,class=COMRAM,space=1,delta=1
    15  0000                     _ANSELA	set	3896
    16  0000                     _ANSELB	set	3897
    17  0000                     _ANSELC	set	3898
    18  0000                     _ANSELD	set	3899
    19  0000                     _ANSELE	set	3900
    20  0000                     _CCP2CON	set	3942
    21  0000                     _CCP3CON	set	3933
    22  0000                     _CCPR2H	set	3944
    23  0000                     _CCPR2L	set	3943
    24  0000                     _CCPR3H	set	3935
    25  0000                     _CCPR3L	set	3934
    26  0000                     _CCPTMRS0bits	set	3913
    27  0000                     _ECCP2AS	set	3940
    28  0000                     _ECCP3AS	set	3931
    29  0000                     _INTCON2bits	set	4081
    30  0000                     _LATA	set	3977
    31  0000                     _LATB	set	3978
    32  0000                     _LATC	set	3979
    33  0000                     _LATCbits	set	3979
    34  0000                     _LATD	set	3980
    35  0000                     _LATDbits	set	3980
    36  0000                     _LATE	set	3981
    37  0000                     _PIR1bits	set	3998
    38  0000                     _PIR5bits	set	3966
    39  0000                     _PORTCbits	set	3970
    40  0000                     _PORTD	set	3971
    41  0000                     _PR2	set	4027
    42  0000                     _PR4	set	3922
    43  0000                     _PSTR2CON	set	3939
    44  0000                     _PSTR3CON	set	3930
    45  0000                     _PWM2CON	set	3941
    46  0000                     _PWM3CON	set	3932
    47  0000                     _SSP2ADD	set	3950
    48  0000                     _SSP2BUF	set	3951
    49  0000                     _SSP2CON1	set	3948
    50  0000                     _SSP2CON1bits	set	3948
    51  0000                     _SSP2CON2	set	3947
    52  0000                     _SSP2CON2bits	set	3947
    53  0000                     _SSP2STAT	set	3949
    54  0000                     _T2CON	set	4026
    55  0000                     _T2CONbits	set	4026
    56  0000                     _T4CON	set	3921
    57  0000                     _T4CONbits	set	3921
    58  0000                     _TMR2	set	4028
    59  0000                     _TMR4	set	3923
    60  0000                     _TRISA	set	3986
    61  0000                     _TRISB	set	3987
    62  0000                     _TRISC	set	3988
    63  0000                     _TRISCbits	set	3988
    64  0000                     _TRISD	set	3989
    65  0000                     _TRISDbits	set	3989
    66  0000                     _TRISE	set	3990
    67  0000                     _WPUB	set	3937
    68                           
    69                           ; 0 bytes @ 0x5
    70 ;;
    71 ;;Main: autosize = 0, tempsize = 0, incstack = 0, save=0
    72 ;;
    73 ;; *************** function _main *****************
    74 ;; Defined at:
    75 ;;		line 16 in file "../Driver.c"
    76 ;; Parameters:    Size  Location     Type
    77 ;;		None
    78 ;; Auto vars:     Size  Location     Type
    79 ;;		None
    80 ;; Return value:  Size  Location     Type
    81 ;;		None               void
    82 ;; Registers used:
    83 ;;		wreg, status,2, status,0, prodl, prodh, cstack
    84 ;; Tracked objects:
    85 ;;		On entry : 0/0
    86 ;;		On exit  : 0/0
    87 ;;		Unchanged: 0/0
    88 ;; Data sizes:     COMRAM   BANK0   BANK1   BANK2   BANK3   BANK4   BANK5
    89 ;;      Params:         0       0       0       0       0       0       0
    90 ;;      Locals:         0       0       0       0       0       0       0
    91 ;;      Temps:          0       0       0       0       0       0       0
    92 ;;      Totals:         0       0       0       0       0       0       0
    93 ;;Total ram usage:        0 bytes
    94 ;; Hardware stack levels required when called:    2
    95 ;; This function calls:
    96 ;;		_LCD_init
    97 ;;		_LCD_writeChar
    98 ;;		_place_lcd_cursor
    99 ;; This function is called by:
   100 ;;		Startup code after reset
   101 ;; This function uses a non-reentrant model
   102 ;;
   103                           
   104                           	psect	text0
   105  007E38                     __ptext0:
   106                           	opt stack 0
   107  007E38                     _main:
   108                           	opt stack 29
   109                           
   110                           ;Driver.c: 43: LCD_init();
   111                           
   112                           ;incstack = 0
   113  007E38  EC66  F03F         	call	_LCD_init	;wreg free
   114                           
   115                           ;Driver.c: 44: place_lcd_cursor(0,0);
   116  007E3C  0E00               	movlw	0
   117  007E3E  6E01               	movwf	place_lcd_cursor@y,c
   118  007E40  0E00               	movlw	0
   119  007E42  EC3F  F03F         	call	_place_lcd_cursor
   120                           
   121                           ;Driver.c: 45: LCD_writeChar('1');
   122  007E46  0E31               	movlw	49
   123  007E48  ECFF  F03E         	call	_LCD_writeChar
   124                           
   125                           ;Driver.c: 46: place_lcd_cursor(1,0);
   126  007E4C  0E00               	movlw	0
   127  007E4E  6E01               	movwf	place_lcd_cursor@y,c
   128  007E50  0E01               	movlw	1
   129  007E52  EC3F  F03F         	call	_place_lcd_cursor
   130                           
   131                           ;Driver.c: 47: LCD_writeChar('9');
   132  007E56  0E39               	movlw	57
   133  007E58  ECFF  F03E         	call	_LCD_writeChar
   134                           
   135                           ;Driver.c: 48: place_lcd_cursor(2,0);
   136  007E5C  0E00               	movlw	0
   137  007E5E  6E01               	movwf	place_lcd_cursor@y,c
   138  007E60  0E02               	movlw	2
   139  007E62  EC3F  F03F         	call	_place_lcd_cursor
   140                           
   141                           ;Driver.c: 49: LCD_writeChar('6');
   142  007E66  0E36               	movlw	54
   143  007E68  ECFF  F03E         	call	_LCD_writeChar
   144                           
   145                           ;Driver.c: 50: place_lcd_cursor(3,0);
   146  007E6C  0E00               	movlw	0
   147  007E6E  6E01               	movwf	place_lcd_cursor@y,c
   148  007E70  0E03               	movlw	3
   149  007E72  EC3F  F03F         	call	_place_lcd_cursor
   150                           
   151                           ;Driver.c: 51: LCD_writeChar('1');
   152  007E76  0E31               	movlw	49
   153  007E78  ECFF  F03E         	call	_LCD_writeChar
   154  007E7C                     l116:
   155                           
   156                           ;Driver.c: 54: {
   157  007E7C  D7FF               	goto	l116
   158  007E7E                     __end_of_main:
   159                           	opt stack 0
   160                           
   161                           	psect	cinit
   162  007DC8                     __pcinit:
   163                           	opt stack 0
   164  007DC8                     start_initialization:
   165                           	opt stack 0
   166  007DC8                     __initialization:
   167                           	opt stack 0
   168                           
   169                           ; Clear objects allocated to COMRAM (2 bytes)
   170  007DC8  6A07               	clrf	(__pbssCOMRAM+1)& (0+255),c
   171  007DCA  6A06               	clrf	__pbssCOMRAM& (0+255),c
   172  007DCC                     end_of_initialization:
   173                           	opt stack 0
   174  007DCC                     __end_of__initialization:
   175                           	opt stack 0
   176  007DCC  0100               	movlb	0
   177  007DCE  EF1C  F03F         	goto	_main	;jump to C main() function
   178                           
   179                           	psect	bssCOMRAM
   180  000006                     __pbssCOMRAM:
   181                           	opt stack 0
   182  000006                     _yPos:
   183                           	opt stack 0
   184  000006                     	ds	2
   185                           
   186                           	psect	cstackCOMRAM
   187  000001                     __pcstackCOMRAM:
   188                           	opt stack 0
   189  000001                     ??_LCD_writeChar:
   190  000001                     ??_Delay100ms:
   191  000001                     place_lcd_cursor@y:
   192                           	opt stack 0
   193                           
   194                           ; 1 bytes @ 0x0
   195  000001                     	ds	1
   196  000002                     ??_place_lcd_cursor:
   197  000002                     LCD_writeChar@upper:
   198                           	opt stack 0
   199  000002                     Delay100ms@i:
   200                           	opt stack 0
   201                           
   202                           ; 2 bytes @ 0x1
   203  000002                     	ds	1
   204  000003                     LCD_writeChar@lower:
   205                           	opt stack 0
   206  000003                     place_lcd_cursor@x:
   207                           	opt stack 0
   208                           
   209                           ; 1 bytes @ 0x2
   210  000003                     	ds	1
   211  000004                     LCD_writeChar@data:
   212                           	opt stack 0
   213  000004                     place_lcd_cursor@position:
   214                           	opt stack 0
   215                           
   216                           ; 1 bytes @ 0x3
   217  000004                     	ds	1
   218  000005                     ??_LCD_init:
   219                           
   220                           ; 0 bytes @ 0x4
   221  000005                     	ds	1
   222  000006                     
   223 ;; *************** function _LCD_writeChar *****************
   224 ;; Defined at:
   225 ;;		line 103 in file "../LCD.c"
   226 ;; Parameters:    Size  Location     Type
   227 ;;  data            1    wreg     unsigned char 
   228 ;; Auto vars:     Size  Location     Type
   229 ;;  data            1    3[COMRAM] unsigned char 
   230 ;;  lower           1    2[COMRAM] unsigned char 
   231 ;;  upper           1    1[COMRAM] unsigned char 
   232 ;; Return value:  Size  Location     Type
   233 ;;		None               void
   234 ;; Registers used:
   235 ;;		wreg, status,2, status,0
   236 ;; Tracked objects:
   237 ;;		On entry : 0/0
   238 ;;		On exit  : 0/0
   239 ;;		Unchanged: 0/0
   240 ;; Data sizes:     COMRAM   BANK0   BANK1   BANK2   BANK3   BANK4   BANK5
   241 ;;      Params:         0       0       0       0       0       0       0
   242 ;;      Locals:         3       0       0       0       0       0       0
   243 ;;      Temps:          1       0       0       0       0       0       0
   244 ;;      Totals:         4       0       0       0       0       0       0
   245 ;;Total ram usage:        4 bytes
   246 ;; Hardware stack levels used:    1
   247 ;; This function calls:
   248 ;;		Nothing
   249 ;; This function is called by:
   250 ;;		_main
   251 ;;		_LCD_write
   252 ;;		_i2c_Read
   253 ;; This function uses a non-reentrant model
   254 ;;
   255                           
   256                           	psect	text1
   257  007DFE                     __ptext1:
   258                           	opt stack 0
   259  007DFE                     _LCD_writeChar:
   260                           	opt stack 30
   261                           
   262                           ;incstack = 0
   263                           ;LCD_writeChar@data stored from wreg
   264  007DFE  6E04               	movwf	LCD_writeChar@data,c
   265                           
   266                           ;LCD.c: 106: unsigned char upper = data & 0b11110000;
   267  007E00  5004               	movf	LCD_writeChar@data,w,c
   268  007E02  0BF0               	andlw	240
   269  007E04  6E02               	movwf	LCD_writeChar@upper,c
   270                           
   271                           ;LCD.c: 107: unsigned char lower = (data << 4);
   272  007E06  3804               	swapf	LCD_writeChar@data,w,c
   273  007E08  0BF0               	andlw	240
   274  007E0A  6E03               	movwf	LCD_writeChar@lower,c
   275                           
   276                           ;LCD.c: 110: LATCbits.LC3 = 1;
   277  007E0C  868B               	bsf	3979,3,c	;volatile
   278                           
   279                           ;LCD.c: 111: LATCbits.LC2 = 1; LATD = (LATD & 0b00001111) | upper; LATCbits.LC2 = 0;
   280  007E0E  848B               	bsf	3979,2,c	;volatile
   281  007E10  508C               	movf	3980,w,c	;volatile
   282  007E12  0B0F               	andlw	15
   283  007E14  1002               	iorwf	LCD_writeChar@upper,w,c
   284  007E16  6E8C               	movwf	3980,c	;volatile
   285  007E18  948B               	bcf	3979,2,c	;volatile
   286                           
   287                           ;LCD.c: 112: LATCbits.LC2 = 1; LATD = (LATD & 0b00001111) | lower; LATCbits.LC2 = 0;
   288  007E1A  848B               	bsf	3979,2,c	;volatile
   289  007E1C  508C               	movf	3980,w,c	;volatile
   290  007E1E  0B0F               	andlw	15
   291  007E20  1003               	iorwf	LCD_writeChar@lower,w,c
   292  007E22  6E8C               	movwf	3980,c	;volatile
   293  007E24  948B               	bcf	3979,2,c	;volatile
   294                           
   295                           ;LCD.c: 113: _delay((unsigned long)((1)*(10000000/4000.0)));
   296  007E26  0E04               	movlw	4
   297  007E28  6E01               	movwf	??_LCD_writeChar& (0+255),c
   298  007E2A  0E3E               	movlw	62
   299  007E2C                     u107:
   300  007E2C  2EE8               	decfsz	wreg,f,c
   301  007E2E  D7FE               	goto	u107
   302  007E30  2E01               	decfsz	??_LCD_writeChar& (0+255),f,c
   303  007E32  D7FC               	goto	u107
   304                           
   305                           ;LCD.c: 114: LATCbits.LC3 = 0;
   306  007E34  968B               	bcf	3979,3,c	;volatile
   307  007E36  0012               	return	
   308  007E38                     __end_of_LCD_writeChar:
   309                           	opt stack 0
   310                           wreg	equ	0xFE8
   311                           
   312 ;; *************** function _LCD_init *****************
   313 ;; Defined at:
   314 ;;		line 18 in file "../LCD.c"
   315 ;; Parameters:    Size  Location     Type
   316 ;;		None
   317 ;; Auto vars:     Size  Location     Type
   318 ;;		None
   319 ;; Return value:  Size  Location     Type
   320 ;;		None               void
   321 ;; Registers used:
   322 ;;		wreg, status,2, status,0, prodl, prodh, cstack
   323 ;; Tracked objects:
   324 ;;		On entry : 0/0
   325 ;;		On exit  : 0/0
   326 ;;		Unchanged: 0/0
   327 ;; Data sizes:     COMRAM   BANK0   BANK1   BANK2   BANK3   BANK4   BANK5
   328 ;;      Params:         0       0       0       0       0       0       0
   329 ;;      Locals:         0       0       0       0       0       0       0
   330 ;;      Temps:          1       0       0       0       0       0       0
   331 ;;      Totals:         1       0       0       0       0       0       0
   332 ;;Total ram usage:        1 bytes
   333 ;; Hardware stack levels used:    1
   334 ;; Hardware stack levels required when called:    1
   335 ;; This function calls:
   336 ;;		_Delay100ms
   337 ;;		_place_lcd_cursor
   338 ;; This function is called by:
   339 ;;		_main
   340 ;; This function uses a non-reentrant model
   341 ;;
   342                           
   343                           	psect	text2
   344  007ECC                     __ptext2:
   345                           	opt stack 0
   346  007ECC                     _LCD_init:
   347                           	opt stack 29
   348                           
   349                           ;LCD.c: 21: LATCbits.LC3 = 0;
   350                           
   351                           ;incstack = 0
   352  007ECC  968B               	bcf	3979,3,c	;volatile
   353                           
   354                           ;LCD.c: 22: LATCbits.LC2 = 0;
   355  007ECE  948B               	bcf	3979,2,c	;volatile
   356                           
   357                           ;LCD.c: 23: LATDbits.LD4 = 0;
   358  007ED0  988C               	bcf	3980,4,c	;volatile
   359                           
   360                           ;LCD.c: 24: LATDbits.LD5 = 0;
   361  007ED2  9A8C               	bcf	3980,5,c	;volatile
   362                           
   363                           ;LCD.c: 25: LATDbits.LD6 = 0;
   364  007ED4  9C8C               	bcf	3980,6,c	;volatile
   365                           
   366                           ;LCD.c: 26: LATDbits.LD7 = 0;
   367  007ED6  9E8C               	bcf	3980,7,c	;volatile
   368                           
   369                           ;LCD.c: 29: TRISCbits.RC3 = 0;
   370  007ED8  9694               	bcf	3988,3,c	;volatile
   371                           
   372                           ;LCD.c: 30: TRISCbits.RC2 = 0;
   373  007EDA  9494               	bcf	3988,2,c	;volatile
   374                           
   375                           ;LCD.c: 31: TRISDbits.RD4 = 0;
   376  007EDC  9895               	bcf	3989,4,c	;volatile
   377                           
   378                           ;LCD.c: 32: TRISDbits.RD5 = 0;
   379  007EDE  9A95               	bcf	3989,5,c	;volatile
   380                           
   381                           ;LCD.c: 33: TRISDbits.RD6 = 0;
   382  007EE0  9C95               	bcf	3989,6,c	;volatile
   383                           
   384                           ;LCD.c: 34: TRISDbits.RD7 = 0;
   385  007EE2  9E95               	bcf	3989,7,c	;volatile
   386                           
   387                           ;LCD.c: 37: Delay100ms();
   388  007EE4  ECE9  F03E         	call	_Delay100ms	;wreg free
   389                           
   390                           ;LCD.c: 40: PORTCbits.RC3 = 0;
   391  007EE8  9682               	bcf	3970,3,c	;volatile
   392                           
   393                           ;LCD.c: 43: PORTCbits.RC2 = 1; PORTD = (PORTD & 0b00001111) | 0x30; PORTCbits.RC2 = 0;
   394  007EEA  8482               	bsf	3970,2,c	;volatile
   395  007EEC  5083               	movf	3971,w,c	;volatile
   396  007EEE  0B0F               	andlw	15
   397  007EF0  0930               	iorlw	48
   398  007EF2  6E83               	movwf	3971,c	;volatile
   399  007EF4  9482               	bcf	3970,2,c	;volatile
   400                           
   401                           ;LCD.c: 44: _delay((unsigned long)((10)*(10000000/4000.0)));
   402  007EF6  0E21               	movlw	33
   403  007EF8  6E05               	movwf	??_LCD_init& (0+255),c
   404  007EFA  0E76               	movlw	118
   405  007EFC                     u117:
   406  007EFC  2EE8               	decfsz	wreg,f,c
   407  007EFE  D7FE               	goto	u117
   408  007F00  2E05               	decfsz	??_LCD_init& (0+255),f,c
   409  007F02  D7FC               	goto	u117
   410  007F04  D000               	nop2	
   411                           
   412                           ;LCD.c: 47: PORTCbits.RC2 = 1; PORTD = (PORTD & 0b00001111) | 0x30; PORTCbits.RC2 = 0;
   413  007F06  8482               	bsf	3970,2,c	;volatile
   414  007F08  5083               	movf	3971,w,c	;volatile
   415  007F0A  0B0F               	andlw	15
   416  007F0C  0930               	iorlw	48
   417  007F0E  6E83               	movwf	3971,c	;volatile
   418  007F10  9482               	bcf	3970,2,c	;volatile
   419                           
   420                           ;LCD.c: 48: _delay((unsigned long)((10)*(10000000/4000.0)));
   421  007F12  0E21               	movlw	33
   422  007F14  6E05               	movwf	??_LCD_init& (0+255),c
   423  007F16  0E76               	movlw	118
   424  007F18                     u127:
   425  007F18  2EE8               	decfsz	wreg,f,c
   426  007F1A  D7FE               	goto	u127
   427  007F1C  2E05               	decfsz	??_LCD_init& (0+255),f,c
   428  007F1E  D7FC               	goto	u127
   429  007F20  D000               	nop2	
   430                           
   431                           ;LCD.c: 51: PORTCbits.RC2 = 1; PORTD = (PORTD & 0b00001111) | 0x30; PORTCbits.RC2 = 0;
   432  007F22  8482               	bsf	3970,2,c	;volatile
   433  007F24  5083               	movf	3971,w,c	;volatile
   434  007F26  0B0F               	andlw	15
   435  007F28  0930               	iorlw	48
   436  007F2A  6E83               	movwf	3971,c	;volatile
   437  007F2C  9482               	bcf	3970,2,c	;volatile
   438                           
   439                           ;LCD.c: 52: _delay((unsigned long)((10)*(10000000/4000.0)));
   440  007F2E  0E21               	movlw	33
   441  007F30  6E05               	movwf	??_LCD_init& (0+255),c
   442  007F32  0E76               	movlw	118
   443  007F34                     u137:
   444  007F34  2EE8               	decfsz	wreg,f,c
   445  007F36  D7FE               	goto	u137
   446  007F38  2E05               	decfsz	??_LCD_init& (0+255),f,c
   447  007F3A  D7FC               	goto	u137
   448  007F3C  D000               	nop2	
   449                           
   450                           ;LCD.c: 55: PORTCbits.RC2 = 1; PORTD = (PORTD & 0b00001111) | 0x20; PORTCbits.RC2 = 0;
   451  007F3E  8482               	bsf	3970,2,c	;volatile
   452  007F40  5083               	movf	3971,w,c	;volatile
   453  007F42  0B0F               	andlw	15
   454  007F44  0920               	iorlw	32
   455  007F46  6E83               	movwf	3971,c	;volatile
   456  007F48  9482               	bcf	3970,2,c	;volatile
   457                           
   458                           ;LCD.c: 56: _delay((unsigned long)((10)*(10000000/4000.0)));
   459  007F4A  0E21               	movlw	33
   460  007F4C  6E05               	movwf	??_LCD_init& (0+255),c
   461  007F4E  0E76               	movlw	118
   462  007F50                     u147:
   463  007F50  2EE8               	decfsz	wreg,f,c
   464  007F52  D7FE               	goto	u147
   465  007F54  2E05               	decfsz	??_LCD_init& (0+255),f,c
   466  007F56  D7FC               	goto	u147
   467  007F58  D000               	nop2	
   468                           
   469                           ;LCD.c: 59: PORTCbits.RC2 = 1; PORTD = (PORTD & 0b00001111) | 0x20; PORTCbits.RC2 = 0;
   470  007F5A  8482               	bsf	3970,2,c	;volatile
   471  007F5C  5083               	movf	3971,w,c	;volatile
   472  007F5E  0B0F               	andlw	15
   473  007F60  0920               	iorlw	32
   474  007F62  6E83               	movwf	3971,c	;volatile
   475  007F64  9482               	bcf	3970,2,c	;volatile
   476                           
   477                           ;LCD.c: 60: PORTCbits.RC2 = 1; PORTD = (PORTD & 0b00001111) | 0x80; PORTCbits.RC2 = 0;
   478  007F66  8482               	bsf	3970,2,c	;volatile
   479  007F68  5083               	movf	3971,w,c	;volatile
   480  007F6A  0B0F               	andlw	15
   481  007F6C  0980               	iorlw	128
   482  007F6E  6E83               	movwf	3971,c	;volatile
   483  007F70  9482               	bcf	3970,2,c	;volatile
   484                           
   485                           ;LCD.c: 61: _delay((unsigned long)((10)*(10000000/4000.0)));
   486  007F72  0E21               	movlw	33
   487  007F74  6E05               	movwf	??_LCD_init& (0+255),c
   488  007F76  0E76               	movlw	118
   489  007F78                     u157:
   490  007F78  2EE8               	decfsz	wreg,f,c
   491  007F7A  D7FE               	goto	u157
   492  007F7C  2E05               	decfsz	??_LCD_init& (0+255),f,c
   493  007F7E  D7FC               	goto	u157
   494  007F80  D000               	nop2	
   495                           
   496                           ;LCD.c: 64: PORTCbits.RC2 = 1; PORTD = (PORTD & 0b00001111) | 0x00; PORTCbits.RC2 = 0;
   497  007F82  8482               	bsf	3970,2,c	;volatile
   498  007F84  5083               	movf	3971,w,c	;volatile
   499  007F86  0B0F               	andlw	15
   500  007F88  6E83               	movwf	3971,c	;volatile
   501  007F8A  9482               	bcf	3970,2,c	;volatile
   502                           
   503                           ;LCD.c: 65: PORTCbits.RC2 = 1; PORTD = (PORTD & 0b00001111) | 0xF0; PORTCbits.RC2 = 0;
   504  007F8C  8482               	bsf	3970,2,c	;volatile
   505  007F8E  5083               	movf	3971,w,c	;volatile
   506  007F90  0B0F               	andlw	15
   507  007F92  09F0               	iorlw	240
   508  007F94  6E83               	movwf	3971,c	;volatile
   509  007F96  9482               	bcf	3970,2,c	;volatile
   510                           
   511                           ;LCD.c: 66: _delay((unsigned long)((10)*(10000000/4000.0)));
   512  007F98  0E21               	movlw	33
   513  007F9A  6E05               	movwf	??_LCD_init& (0+255),c
   514  007F9C  0E76               	movlw	118
   515  007F9E                     u167:
   516  007F9E  2EE8               	decfsz	wreg,f,c
   517  007FA0  D7FE               	goto	u167
   518  007FA2  2E05               	decfsz	??_LCD_init& (0+255),f,c
   519  007FA4  D7FC               	goto	u167
   520  007FA6  D000               	nop2	
   521                           
   522                           ;LCD.c: 69: PORTCbits.RC2 = 1; PORTD = (PORTD & 0b00001111) | 0x00; PORTCbits.RC2 = 0;
   523  007FA8  8482               	bsf	3970,2,c	;volatile
   524  007FAA  5083               	movf	3971,w,c	;volatile
   525  007FAC  0B0F               	andlw	15
   526  007FAE  6E83               	movwf	3971,c	;volatile
   527  007FB0  9482               	bcf	3970,2,c	;volatile
   528                           
   529                           ;LCD.c: 70: PORTCbits.RC2 = 1; PORTD = (PORTD & 0b00001111) | 0x10; PORTCbits.RC2 = 0;
   530  007FB2  8482               	bsf	3970,2,c	;volatile
   531  007FB4  5083               	movf	3971,w,c	;volatile
   532  007FB6  0B0F               	andlw	15
   533  007FB8  0910               	iorlw	16
   534  007FBA  6E83               	movwf	3971,c	;volatile
   535  007FBC  9482               	bcf	3970,2,c	;volatile
   536                           
   537                           ;LCD.c: 71: _delay((unsigned long)((10)*(10000000/4000.0)));
   538  007FBE  0E21               	movlw	33
   539  007FC0  6E05               	movwf	??_LCD_init& (0+255),c
   540  007FC2  0E76               	movlw	118
   541  007FC4                     u177:
   542  007FC4  2EE8               	decfsz	wreg,f,c
   543  007FC6  D7FE               	goto	u177
   544  007FC8  2E05               	decfsz	??_LCD_init& (0+255),f,c
   545  007FCA  D7FC               	goto	u177
   546  007FCC  D000               	nop2	
   547                           
   548                           ;LCD.c: 74: PORTCbits.RC2 = 1; PORTD = (PORTD & 0b00001111) | 0x00; PORTCbits.RC2 = 0;
   549  007FCE  8482               	bsf	3970,2,c	;volatile
   550  007FD0  5083               	movf	3971,w,c	;volatile
   551  007FD2  0B0F               	andlw	15
   552  007FD4  6E83               	movwf	3971,c	;volatile
   553  007FD6  9482               	bcf	3970,2,c	;volatile
   554                           
   555                           ;LCD.c: 75: PORTCbits.RC2 = 1; PORTD = (PORTD & 0b00001111) | 0x60; PORTCbits.RC2 = 0;
   556  007FD8  8482               	bsf	3970,2,c	;volatile
   557  007FDA  5083               	movf	3971,w,c	;volatile
   558  007FDC  0B0F               	andlw	15
   559  007FDE  0960               	iorlw	96
   560  007FE0  6E83               	movwf	3971,c	;volatile
   561  007FE2  9482               	bcf	3970,2,c	;volatile
   562                           
   563                           ;LCD.c: 76: _delay((unsigned long)((10)*(10000000/4000.0)));
   564  007FE4  0E21               	movlw	33
   565  007FE6  6E05               	movwf	??_LCD_init& (0+255),c
   566  007FE8  0E76               	movlw	118
   567  007FEA                     u187:
   568  007FEA  2EE8               	decfsz	wreg,f,c
   569  007FEC  D7FE               	goto	u187
   570  007FEE  2E05               	decfsz	??_LCD_init& (0+255),f,c
   571  007FF0  D7FC               	goto	u187
   572  007FF2  D000               	nop2	
   573                           
   574                           ;LCD.c: 79: place_lcd_cursor(0,0);
   575  007FF4  0E00               	movlw	0
   576  007FF6  6E01               	movwf	place_lcd_cursor@y,c
   577  007FF8  0E00               	movlw	0
   578  007FFA  EC3F  F03F         	call	_place_lcd_cursor
   579  007FFE  0012               	return	
   580  008000                     __end_of_LCD_init:
   581                           	opt stack 0
   582                           wreg	equ	0xFE8
   583                           
   584 ;; *************** function _place_lcd_cursor *****************
   585 ;; Defined at:
   586 ;;		line 118 in file "../LCD.c"
   587 ;; Parameters:    Size  Location     Type
   588 ;;  x               1    wreg     unsigned char 
   589 ;;  y               1    0[COMRAM] unsigned char 
   590 ;; Auto vars:     Size  Location     Type
   591 ;;  x               1    2[COMRAM] unsigned char 
   592 ;;  position        1    3[COMRAM] unsigned char 
   593 ;; Return value:  Size  Location     Type
   594 ;;		None               void
   595 ;; Registers used:
   596 ;;		wreg, status,2, status,0, prodl, prodh
   597 ;; Tracked objects:
   598 ;;		On entry : 0/0
   599 ;;		On exit  : 0/0
   600 ;;		Unchanged: 0/0
   601 ;; Data sizes:     COMRAM   BANK0   BANK1   BANK2   BANK3   BANK4   BANK5
   602 ;;      Params:         1       0       0       0       0       0       0
   603 ;;      Locals:         2       0       0       0       0       0       0
   604 ;;      Temps:          1       0       0       0       0       0       0
   605 ;;      Totals:         4       0       0       0       0       0       0
   606 ;;Total ram usage:        4 bytes
   607 ;; Hardware stack levels used:    1
   608 ;; This function calls:
   609 ;;		Nothing
   610 ;; This function is called by:
   611 ;;		_main
   612 ;;		_LCD_init
   613 ;;		_LCD_write
   614 ;;		_i2c_Read
   615 ;; This function uses a non-reentrant model
   616 ;;
   617                           
   618                           	psect	text3
   619  007E7E                     __ptext3:
   620                           	opt stack 0
   621  007E7E                     _place_lcd_cursor:
   622                           	opt stack 30
   623                           
   624                           ;incstack = 0
   625                           ;place_lcd_cursor@x stored from wreg
   626  007E7E  6E03               	movwf	place_lcd_cursor@x,c
   627                           
   628                           ;LCD.c: 121: yPos = y;
   629  007E80  C001  F006         	movff	place_lcd_cursor@y,_yPos
   630  007E84  6A07               	clrf	_yPos+1,c
   631                           
   632                           ;LCD.c: 124: unsigned char position = (0x40*y)+x;
   633  007E86  5001               	movf	place_lcd_cursor@y,w,c
   634  007E88  0D40               	mullw	64
   635  007E8A  50F3               	movf	prodl,w,c
   636  007E8C  2403               	addwf	place_lcd_cursor@x,w,c
   637  007E8E  6E04               	movwf	place_lcd_cursor@position,c
   638                           
   639                           ;LCD.c: 125: LATCbits.LC3 = 0;
   640  007E90  968B               	bcf	3979,3,c	;volatile
   641                           
   642                           ;LCD.c: 128: LATCbits.LC2 = 1;
   643  007E92  848B               	bsf	3979,2,c	;volatile
   644                           
   645                           ;LCD.c: 129: LATD = LATD & 0b00001111;
   646  007E94  508C               	movf	3980,w,c	;volatile
   647  007E96  0B0F               	andlw	15
   648  007E98  6E8C               	movwf	3980,c	;volatile
   649                           
   650                           ;LCD.c: 130: LATD = (LATD | (position & 0b11110000)) | 0b10000000;
   651  007E9A  5004               	movf	place_lcd_cursor@position,w,c
   652  007E9C  0BF0               	andlw	240
   653  007E9E  108C               	iorwf	3980,w,c	;volatile
   654  007EA0  0980               	iorlw	128
   655  007EA2  6E8C               	movwf	3980,c	;volatile
   656                           
   657                           ;LCD.c: 131: LATCbits.LC2 = 0;
   658  007EA4  948B               	bcf	3979,2,c	;volatile
   659                           
   660                           ;LCD.c: 134: LATCbits.LC2 = 1;
   661  007EA6  848B               	bsf	3979,2,c	;volatile
   662                           
   663                           ;LCD.c: 135: LATD = (LATD & 0b00001111) | (position << 4);
   664  007EA8  C004  F002         	movff	place_lcd_cursor@position,??_place_lcd_cursor
   665  007EAC  3A02               	swapf	??_place_lcd_cursor,f,c
   666  007EAE  0EF0               	movlw	240
   667  007EB0  1602               	andwf	??_place_lcd_cursor,f,c
   668  007EB2  508C               	movf	3980,w,c	;volatile
   669  007EB4  0B0F               	andlw	15
   670  007EB6  1002               	iorwf	??_place_lcd_cursor,w,c
   671  007EB8  6E8C               	movwf	3980,c	;volatile
   672                           
   673                           ;LCD.c: 136: LATCbits.LC2 = 0;
   674  007EBA  948B               	bcf	3979,2,c	;volatile
   675                           
   676                           ;LCD.c: 137: _delay((unsigned long)((1)*(10000000/4000.0)));
   677  007EBC  0E04               	movlw	4
   678  007EBE  6E02               	movwf	??_place_lcd_cursor& (0+255),c
   679  007EC0  0E3E               	movlw	62
   680  007EC2                     u197:
   681  007EC2  2EE8               	decfsz	wreg,f,c
   682  007EC4  D7FE               	goto	u197
   683  007EC6  2E02               	decfsz	??_place_lcd_cursor& (0+255),f,c
   684  007EC8  D7FC               	goto	u197
   685  007ECA  0012               	return	
   686  007ECC                     __end_of_place_lcd_cursor:
   687                           	opt stack 0
   688                           prodl	equ	0xFF3
   689                           wreg	equ	0xFE8
   690                           
   691 ;; *************** function _Delay100ms *****************
   692 ;; Defined at:
   693 ;;		line 140 in file "../LCD.c"
   694 ;; Parameters:    Size  Location     Type
   695 ;;		None
   696 ;; Auto vars:     Size  Location     Type
   697 ;;  i               2    1[COMRAM] int 
   698 ;; Return value:  Size  Location     Type
   699 ;;		None               void
   700 ;; Registers used:
   701 ;;		wreg, status,2, status,0
   702 ;; Tracked objects:
   703 ;;		On entry : 0/0
   704 ;;		On exit  : 0/0
   705 ;;		Unchanged: 0/0
   706 ;; Data sizes:     COMRAM   BANK0   BANK1   BANK2   BANK3   BANK4   BANK5
   707 ;;      Params:         0       0       0       0       0       0       0
   708 ;;      Locals:         2       0       0       0       0       0       0
   709 ;;      Temps:          1       0       0       0       0       0       0
   710 ;;      Totals:         3       0       0       0       0       0       0
   711 ;;Total ram usage:        3 bytes
   712 ;; Hardware stack levels used:    1
   713 ;; This function calls:
   714 ;;		Nothing
   715 ;; This function is called by:
   716 ;;		_LCD_init
   717 ;; This function uses a non-reentrant model
   718 ;;
   719                           
   720                           	psect	text4
   721  007DD2                     __ptext4:
   722                           	opt stack 0
   723  007DD2                     _Delay100ms:
   724                           	opt stack 29
   725                           
   726                           ;LCD.c: 142: for(i=0;i<100;i++)
   727                           
   728                           ;incstack = 0
   729  007DD2  0E00               	movlw	0
   730  007DD4  6E03               	movwf	Delay100ms@i+1,c
   731  007DD6  0E00               	movlw	0
   732  007DD8  6E02               	movwf	Delay100ms@i,c
   733  007DDA  5003               	movf	Delay100ms@i+1,w,c
   734  007DDC  0A80               	xorlw	128
   735  007DDE  0F80               	addlw	-128
   736  007DE0  0E64               	movlw	100
   737  007DE2  B4D8               	btfsc	status,2,c
   738  007DE4  5C02               	subwf	Delay100ms@i,w,c
   739  007DE6  B0D8               	btfsc	status,0,c
   740  007DE8  0012               	return	
   741                           
   742                           ;LCD.c: 143: {
   743                           ;LCD.c: 144: _delay((unsigned long)((1)*(10000000/4000.0)));
   744  007DEA  0E04               	movlw	4
   745  007DEC  6E01               	movwf	??_Delay100ms& (0+255),c
   746  007DEE  0E3E               	movlw	62
   747  007DF0                     u207:
   748  007DF0  2EE8               	decfsz	wreg,f,c
   749  007DF2  D7FE               	goto	u207
   750  007DF4  2E01               	decfsz	??_Delay100ms& (0+255),f,c
   751  007DF6  D7FC               	goto	u207
   752  007DF8  4A02               	infsnz	Delay100ms@i,f,c
   753  007DFA  2A03               	incf	Delay100ms@i+1,f,c
   754  007DFC  D7EE               	goto	L1
   755  007DFE                     __end_of_Delay100ms:
   756                           	opt stack 0
   757  0000                     prodl	equ	0xFF3
   758                           wreg	equ	0xFE8
   759                           status	equ	0xFD8
   760                           prodl	equ	0xFF3
   761                           wreg	equ	0xFE8
   762                           status	equ	0xFD8
   763                           
   764                           	psect	rparam
   765  0000                     prodl	equ	0xFF3
   766                           wreg	equ	0xFE8
   767                           status	equ	0xFD8


Data Sizes:
    Strings     0
    Constant    0
    Data        0
    BSS         2
    Persistent  0
    Stack       0

Auto Spaces:
    Space          Size  Autos    Used
    COMRAM           95      5       7
    BANK0           160      0       0
    BANK1           256      0       0
    BANK2           256      0       0
    BANK3           256      0       0
    BANK4           256      0       0
    BANK5           256      0       0

Pointer List with Targets:

    None.

Critical Paths under _main in COMRAM

    _main->_LCD_init
    _LCD_init->_place_lcd_cursor

Critical Paths under _main in BANK0

    None.

Critical Paths under _main in BANK1

    None.

Critical Paths under _main in BANK2

    None.

Critical Paths under _main in BANK3

    None.

Critical Paths under _main in BANK4

    None.

Critical Paths under _main in BANK5

    None.

Call Graph Tables:

 ---------------------------------------------------------------------------------
 (Depth) Function   	        Calls       Base Space   Used Autos Params    Refs
 ---------------------------------------------------------------------------------
 (0) _main                                                 0     0      0     842
                           _LCD_init
                      _LCD_writeChar
                   _place_lcd_cursor
 ---------------------------------------------------------------------------------
 (1) _LCD_writeChar                                        4     4      0      60
                                              0 COMRAM     4     4      0
 ---------------------------------------------------------------------------------
 (1) _LCD_init                                             1     1      0     406
                                              4 COMRAM     1     1      0
                         _Delay100ms
                   _place_lcd_cursor
 ---------------------------------------------------------------------------------
 (1) _place_lcd_cursor                                     4     3      1     376
                                              0 COMRAM     4     3      1
 ---------------------------------------------------------------------------------
 (2) _Delay100ms                                           3     3      0      30
                                              0 COMRAM     3     3      0
 ---------------------------------------------------------------------------------
 Estimated maximum stack depth 2
 ---------------------------------------------------------------------------------

 Call Graph Graphs:

 _main (ROOT)
   _LCD_init
     _Delay100ms
     _place_lcd_cursor
   _LCD_writeChar
   _place_lcd_cursor

 Address spaces:
Name               Size   Autos  Total    Cost      Usage
BIGRAM             5FF      0       0      16        0.0%
EEDATA             100      0       0       0        0.0%
BITBANK5           100      0       0      14        0.0%
BANK5              100      0       0      15        0.0%
BITBANK4           100      0       0      12        0.0%
BANK4              100      0       0      13        0.0%
BITBANK3           100      0       0      10        0.0%
BANK3              100      0       0      11        0.0%
BITBANK2           100      0       0       7        0.0%
BANK2              100      0       0       8        0.0%
BITBANK1           100      0       0       5        0.0%
BANK1              100      0       0       6        0.0%
BITBANK0            A0      0       0       3        0.0%
BANK0               A0      0       0       4        0.0%
BITCOMRAM           5F      0       0       0        0.0%
COMRAM              5F      5       7       1        7.4%
BITSFR_1             0      0       0      40        0.0%
SFR_1                0      0       0      40        0.0%
BITSFR               0      0       0      40        0.0%
SFR                  0      0       0      40        0.0%
STACK                0      0       0       2        0.0%
NULL                 0      0       0       0        0.0%
ABS                  0      0       7       9        0.0%
DATA                 0      0       7      17        0.0%
CODE                 0      0       0       0        0.0%


Microchip Technology PIC18 Macro Assembler V1.33 build 59893 
Symbol Table                                                                                   Sat May 02 20:33:41 2015

             __CFG_CP0$OFF 000000               __CFG_CP1$OFF 000000               __CFG_CP2$OFF 000000  
             __CFG_CP3$OFF 000000                __CFG_LVP$ON 000000                        l116 7E7C  
             __CFG_CPB$OFF 000000                        u107 7E2C                        u117 7EFC  
                      u207 7DF0                        u127 7F18                        u137 7F34  
                      u147 7F50                        u157 7F78                        _PR2 000FBB  
                      u167 7F9E                        _PR4 000F52                        u177 7FC4  
             __CFG_CPD$OFF 000000                        u187 7FEA                        u197 7EC2  
                      wreg 000FE8                 _Delay100ms 7DD2                       _LATA 000F89  
                     _LATB 000F8A                       _LATC 000F8B                       _LATD 000F8C  
                     _LATE 000F8D                       _TMR2 000FBC                       _TMR4 000F53  
                     _WPUB 000F61                       _main 7E38                       _yPos 0006  
            __CFG_BORV$190 000000                       prodl 000FF3                       start 0000  
            __CFG_IESO$OFF 000000           __end_of_LCD_init 8000                      ?_main 0001  
                    _T2CON 000FBA                      _T4CON 000F51                      _PORTD 000F83  
                    _TRISA 000F92                      _TRISB 000F93                      _TRISC 000F94  
                    _TRISD 000F95                      _TRISE 000F96              __CFG_WRT0$OFF 000000  
            __CFG_WRT1$OFF 000000              __CFG_WRT2$OFF 000000              __CFG_WRT3$OFF 000000  
           __CFG_EBTR0$OFF 000000             __CFG_FCMEN$OFF 000000             __CFG_EBTR1$OFF 000000  
           __CFG_EBTR2$OFF 000000             __CFG_EBTR3$OFF 000000              __CFG_WRTB$OFF 000000  
            __CFG_WRTC$OFF 000000              __CFG_WRTD$OFF 000000     __size_of_LCD_writeChar 003A  
           __CFG_EBTRB$OFF 000000         __CFG_MCLRE$EXTMCLR 000000                      status 000FD8  
           __CFG_HFOFST$ON 000000             __CFG_FOSC$HSHP 000000             __CFG_PBADEN$ON 000000  
          __initialization 7DC8               __end_of_main 7E7E                     ??_main 0006  
            __activetblptr 000000                ?_Delay100ms 0001                     _CCPR2H 000F68  
                   _CCPR3H 000F5F                     _CCPR2L 000F67                     _CCPR3L 000F5E  
        place_lcd_cursor@x 0003          place_lcd_cursor@y 0001                     _ANSELA 000F38  
                   _ANSELB 000F39                     _ANSELC 000F3A                     _ANSELD 000F3B  
                   _ANSELE 000F3C             __CFG_WDTEN$OFF 000000             __CFG_XINST$OFF 000000  
            _LCD_writeChar 7DFE               _CCPTMRS0bits 000F49             __CFG_STVREN$ON 000000  
               __accesstop 0060    __end_of__initialization 7DCC                  ?_LCD_init 0001  
           ?_LCD_writeChar 0001  __size_of_place_lcd_cursor 004E             __pcstackCOMRAM 0001  
      __size_of_Delay100ms 002C            __CFG_PLLCFG$OFF 000000                 ??_LCD_init 0005  
       __CFG_CCP2MX$PORTC1 000000         __CFG_CCP3MX$PORTB5 000000                    _CCP2CON 000F66  
                  _CCP3CON 000F5D                    _ECCP2AS 000F64                    _ECCP3AS 000F5B  
                  _PWM2CON 000F65                    _PWM3CON 000F5C                    _SSP2ADD 000F6E  
                  _SSP2BUF 000F6F            ??_LCD_writeChar 0001            __CFG_PWRTEN$OFF 000000  
                  __Hparam 0000                    __Lparam 0000                    __pcinit 7DC8  
                  __ramtop 0600                    __ptext0 7E38                    __ptext1 7DFE  
                  __ptext2 7ECC                    __ptext3 7E7E                    __ptext4 7DD2  
                _T2CONbits 000FBA                  _T4CONbits 000F51               ??_Delay100ms 0001  
     end_of_initialization 7DCC           _place_lcd_cursor 7E7E         __end_of_Delay100ms 7DFE  
       LCD_writeChar@lower 0003         LCD_writeChar@upper 0002                  _PORTCbits 000F82  
                _TRISCbits 000F94                  _TRISDbits 000F95          __size_of_LCD_init 0134  
 place_lcd_cursor@position 0004        start_initialization 7DC8                __pbssCOMRAM 0006  
         __CFG_PRICLKEN$ON 000000   __end_of_place_lcd_cursor 7ECC                Delay100ms@i 0002  
                 _LATCbits 000F8B                   _LATDbits 000F8C                   _LCD_init 7ECC  
    __end_of_LCD_writeChar 7E38                   _PIR1bits 000F9E                   _PIR5bits 000F7E  
         __CFG_WDTPS$32768 000000          LCD_writeChar@data 0004                   _SSP2CON1 000F6C  
                 _SSP2CON2 000F6B                   _PSTR2CON 000F63                   _PSTR3CON 000F5A  
                 _SSP2STAT 000F6D                _INTCON2bits 000FF1                   __Hrparam 0000  
                 __Lrparam 0000         __CFG_BOREN$SBORDIS 000000          __CFG_P2BMX$PORTD2 000000  
             _SSP2CON1bits 000F6C               _SSP2CON2bits 000F6B              __size_of_main 0046  
        __CFG_T3CMX$PORTC0 000000          ?_place_lcd_cursor 0001         ??_place_lcd_cursor 0002  
